The system is: Windows - 10.0.22621 - AMD64
Compiling the C compiler identification source file "CMakeCCompilerId.c" succeeded.
Compiler:  
Build flags: 
Id flags:  

The output was:
0
MSBuild version 17.5.0+6f08c67f3 for .NET Framework
生成启动时间为 2023/5/15 19:02:50。
Included response file: D:\InstalledAPP\VisualStudiuo\MSBuild\Current\Bin\amd64\MSBuild.rsp

节点 1 上的项目“D:\Proj\2DGameEngine\build\CMakeFiles\3.25.1\CompilerIdC\CompilerIdC.vcxproj”(默认目标)。
PrepareForBuild:
  正在创建目录“Debug\”。
  正在创建目录“Debug\CompilerIdC.tlog\”。
InitializeBuildStatus:
  正在创建“Debug\CompilerIdC.tlog\unsuccessfulbuild”，因为已指定“AlwaysCreate”。
ClCompile:
  D:\InstalledAPP\VisualStudiuo\VC\Tools\MSVC\14.35.32215\bin\HostX86\x86\CL.exe /c /nologo /W0 /WX- /diagnostics:column /Od /Oy- /D _MBCS /Gm- /EHsc /RTC1 /MDd /GS /fp:precise /Zc:wchar_t /Zc:forScope /Zc:inline /Fo"Debug\\" /Fd"Debug\vc143.pdb" /external:W0 /Gd /TC /analyze- /FC /errorReport:queue CMakeCCompilerId.c
  CMakeCCompilerId.c
Link:
  D:\InstalledAPP\VisualStudiuo\VC\Tools\MSVC\14.35.32215\bin\HostX86\x86\link.exe /ERRORREPORT:QUEUE /OUT:".\CompilerIdC.exe" /INCREMENTAL:NO /NOLOGO kernel32.lib user32.lib gdi32.lib winspool.lib comdlg32.lib advapi32.lib shell32.lib ole32.lib oleaut32.lib uuid.lib odbc32.lib odbccp32.lib /MANIFEST /MANIFESTUAC:"level='asInvoker' uiAccess='false'" /manifest:embed /PDB:".\CompilerIdC.pdb" /SUBSYSTEM:CONSOLE /TLBID:1 /DYNAMICBASE /NXCOMPAT /IMPLIB:".\CompilerIdC.lib" /MACHINE:X86 /SAFESEH Debug\CMakeCCompilerId.obj
  CompilerIdC.vcxproj -> D:\Proj\2DGameEngine\build\CMakeFiles\3.25.1\CompilerIdC\CompilerIdC.exe
PostBuildEvent:
  for %%i in (cl.exe) do @echo CMAKE_C_COMPILER=%%~$PATH:i
  :VCEnd
  CMAKE_C_COMPILER=D:\InstalledAPP\VisualStudiuo\VC\Tools\MSVC\14.35.32215\bin\Hostx86\x86\cl.exe
FinalizeBuildStatus:
  正在删除文件“Debug\CompilerIdC.tlog\unsuccessfulbuild”。
  正在对“Debug\CompilerIdC.tlog\CompilerIdC.lastbuildstate”执行 Touch 任务。
已完成生成项目“D:\Proj\2DGameEngine\build\CMakeFiles\3.25.1\CompilerIdC\CompilerIdC.vcxproj”(默认目标)的操作。

已成功生成。
    0 个警告
    0 个错误

已用时间 00:00:06.04


Compilation of the C compiler identification source "CMakeCCompilerId.c" produced "CompilerIdC.exe"

Compilation of the C compiler identification source "CMakeCCompilerId.c" produced "CompilerIdC.vcxproj"

The C compiler identification is MSVC, found in "D:/Proj/2DGameEngine/build/CMakeFiles/3.25.1/CompilerIdC/CompilerIdC.exe"

Compiling the CXX compiler identification source file "CMakeCXXCompilerId.cpp" succeeded.
Compiler:  
Build flags: 
Id flags:  

The output was:
0
MSBuild version 17.5.0+6f08c67f3 for .NET Framework
生成启动时间为 2023/5/15 19:02:56。
Included response file: D:\InstalledAPP\VisualStudiuo\MSBuild\Current\Bin\amd64\MSBuild.rsp

节点 1 上的项目“D:\Proj\2DGameEngine\build\CMakeFiles\3.25.1\CompilerIdCXX\CompilerIdCXX.vcxproj”(默认目标)。
PrepareForBuild:
  正在创建目录“Debug\”。
  正在创建目录“Debug\CompilerIdCXX.tlog\”。
InitializeBuildStatus:
  正在创建“Debug\CompilerIdCXX.tlog\unsuccessfulbuild”，因为已指定“AlwaysCreate”。
ClCompile:
  D:\InstalledAPP\VisualStudiuo\VC\Tools\MSVC\14.35.32215\bin\HostX86\x86\CL.exe /c /nologo /W0 /WX- /diagnostics:column /Od /Oy- /D _MBCS /Gm- /EHsc /RTC1 /MDd /GS /fp:precise /Zc:wchar_t /Zc:forScope /Zc:inline /Fo"Debug\\" /Fd"Debug\vc143.pdb" /external:W0 /Gd /TP /analyze- /FC /errorReport:queue CMakeCXXCompilerId.cpp
  CMakeCXXCompilerId.cpp
Link:
  D:\InstalledAPP\VisualStudiuo\VC\Tools\MSVC\14.35.32215\bin\HostX86\x86\link.exe /ERRORREPORT:QUEUE /OUT:".\CompilerIdCXX.exe" /INCREMENTAL:NO /NOLOGO kernel32.lib user32.lib gdi32.lib winspool.lib comdlg32.lib advapi32.lib shell32.lib ole32.lib oleaut32.lib uuid.lib odbc32.lib odbccp32.lib /MANIFEST /MANIFESTUAC:"level='asInvoker' uiAccess='false'" /manifest:embed /PDB:".\CompilerIdCXX.pdb" /SUBSYSTEM:CONSOLE /TLBID:1 /DYNAMICBASE /NXCOMPAT /IMPLIB:".\CompilerIdCXX.lib" /MACHINE:X86 /SAFESEH Debug\CMakeCXXCompilerId.obj
  CompilerIdCXX.vcxproj -> D:\Proj\2DGameEngine\build\CMakeFiles\3.25.1\CompilerIdCXX\CompilerIdCXX.exe
PostBuildEvent:
  for %%i in (cl.exe) do @echo CMAKE_CXX_COMPILER=%%~$PATH:i
  :VCEnd
  CMAKE_CXX_COMPILER=D:\InstalledAPP\VisualStudiuo\VC\Tools\MSVC\14.35.32215\bin\Hostx86\x86\cl.exe
FinalizeBuildStatus:
  正在删除文件“Debug\CompilerIdCXX.tlog\unsuccessfulbuild”。
  正在对“Debug\CompilerIdCXX.tlog\CompilerIdCXX.lastbuildstate”执行 Touch 任务。
已完成生成项目“D:\Proj\2DGameEngine\build\CMakeFiles\3.25.1\CompilerIdCXX\CompilerIdCXX.vcxproj”(默认目标)的操作。

已成功生成。
    0 个警告
    0 个错误

已用时间 00:00:01.86


Compilation of the CXX compiler identification source "CMakeCXXCompilerId.cpp" produced "CompilerIdCXX.exe"

Compilation of the CXX compiler identification source "CMakeCXXCompilerId.cpp" produced "CompilerIdCXX.vcxproj"

The CXX compiler identification is MSVC, found in "D:/Proj/2DGameEngine/build/CMakeFiles/3.25.1/CompilerIdCXX/CompilerIdCXX.exe"

Detecting C compiler ABI info compiled with the following output:
Change Dir: D:/Proj/2DGameEngine/build/CMakeFiles/CMakeScratch/TryCompile-8yeawr

Run Build Command(s):D:/InstalledAPP/VisualStudiuo/MSBuild/Current/Bin/amd64/MSBuild.exe cmTC_62776.vcxproj /p:Configuration=Debug /p:Platform=win32 /p:VisualStudioVersion=17.0 /v:m && MSBuild version 17.5.0+6f08c67f3 for .NET Framework

  用于 x86 的 Microsoft (R) C/C++ 优化编译器 19.35.32215 版
  CMakeCCompilerABI.c
  版权所有(C) Microsoft Corporation。保留所有权利。
  cl /c /Zi /W3 /WX- /diagnostics:column /Od /Ob0 /Oy- /D _MBCS /D WIN32 /D _WINDOWS /D "CMAKE_INTDIR=\"Debug\"" /Gm- /RTC1 /MDd /GS /fp:precise /Zc:wchar_t /Zc:forScope /Zc:inline /Fo"cmTC_62776.dir\Debug\\" /Fd"cmTC_62776.dir\Debug\vc143.pdb" /external:W3 /Gd /TC /analyze- /errorReport:queue "D:\InstalledAPP\cmake\share\cmake-3.25\Modules\CMakeCCompilerABI.c"
  cmTC_62776.vcxproj -> D:\Proj\2DGameEngine\build\CMakeFiles\CMakeScratch\TryCompile-8yeawr\Debug\cmTC_62776.exe



Detecting CXX compiler ABI info compiled with the following output:
Change Dir: D:/Proj/2DGameEngine/build/CMakeFiles/CMakeScratch/TryCompile-lv2jxn

Run Build Command(s):D:/InstalledAPP/VisualStudiuo/MSBuild/Current/Bin/amd64/MSBuild.exe cmTC_747b9.vcxproj /p:Configuration=Debug /p:Platform=win32 /p:VisualStudioVersion=17.0 /v:m && MSBuild version 17.5.0+6f08c67f3 for .NET Framework

  用于 x86 的 Microsoft (R) C/C++ 优化编译器 19.35.32215 版
  CMakeCXXCompilerABI.cpp
  版权所有(C) Microsoft Corporation。保留所有权利。
  cl /c /Zi /W3 /WX- /diagnostics:column /Od /Ob0 /Oy- /D _MBCS /D WIN32 /D _WINDOWS /D "CMAKE_INTDIR=\"Debug\"" /Gm- /EHsc /RTC1 /MDd /GS /fp:precise /Zc:wchar_t /Zc:forScope /Zc:inline /GR /Fo"cmTC_747b9.dir\Debug\\" /Fd"cmTC_747b9.dir\Debug\vc143.pdb" /external:W3 /Gd /TP /analyze- /errorReport:queue "D:\InstalledAPP\cmake\share\cmake-3.25\Modules\CMakeCXXCompilerABI.cpp"
  cmTC_747b9.vcxproj -> D:\Proj\2DGameEngine\build\CMakeFiles\CMakeScratch\TryCompile-lv2jxn\Debug\cmTC_747b9.exe



